\BOOKMARK [1][-]{section.1}{Project Structure}{}% 1
\BOOKMARK [2][-]{subsection.1.1}{Server}{section.1}% 2
\BOOKMARK [2][-]{subsection.1.2}{Client}{section.1}% 3
\BOOKMARK [2][-]{subsection.1.3}{File Handling}{section.1}% 4
\BOOKMARK [1][-]{section.2}{User Interface}{}% 5
\BOOKMARK [2][-]{subsection.2.1}{LoginForm}{section.2}% 6
\BOOKMARK [2][-]{subsection.2.2}{RegisterForm}{section.2}% 7
\BOOKMARK [2][-]{subsection.2.3}{MainWindow}{section.2}% 8
\BOOKMARK [1][-]{section.3}{Network}{}% 9
\BOOKMARK [2][-]{subsection.3.1}{Server Side}{section.3}% 10
\BOOKMARK [2][-]{subsection.3.2}{Client Side}{section.3}% 11
\BOOKMARK [2][-]{subsection.3.3}{Making Socket Programming Synchronous}{section.3}% 12
\BOOKMARK [2][-]{subsection.3.4}{Unique Tokens for Communication}{section.3}% 13
\BOOKMARK [2][-]{subsection.3.5}{SSL for Document Transfer and Security:}{section.3}% 14
\BOOKMARK [2][-]{subsection.3.6}{Database Encryption:}{section.3}% 15
\BOOKMARK [2][-]{subsection.3.7}{Sharing Files:}{section.3}% 16
\BOOKMARK [1][-]{section.4}{File Handling}{}% 17
\BOOKMARK [2][-]{subsection.4.1}{Client:}{section.4}% 18
\BOOKMARK [2][-]{subsection.4.2}{Server:}{section.4}% 19
\BOOKMARK [1][-]{section.5}{Features}{}% 20
\BOOKMARK [2][-]{subsection.5.1}{Delta Files}{section.5}% 21
\BOOKMARK [2][-]{subsection.5.2}{File Sharing}{section.5}% 22
\BOOKMARK [2][-]{subsection.5.3}{Version Control}{section.5}% 23
\BOOKMARK [2][-]{subsection.5.4}{Search}{section.5}% 24
\BOOKMARK [1][-]{section.6}{Future Plans}{}% 25
